<?xml version="1.0" encoding="UTF-8"?>
<testng-results total="0" passed="0" failed="0" skipped="0">
  <reporter-output>
  </reporter-output>
  <suite started-at="2020-04-07T23:22:51Z" name="com.elblogdesanti.selenium.AppTest" finished-at="2020-04-07T23:22:51Z" duration-ms="2">
    <groups>
    </groups>
    <test started-at="2020-04-07T23:22:51Z" name="Command line test" finished-at="2020-04-07T23:22:51Z" duration-ms="2">
    </test> <!-- Command line test -->
  </suite> <!-- com.elblogdesanti.selenium.AppTest -->
</testng-results>
